[Npc Processor Error - 941, 0, ]
System.Reflection.TargetInvocationException: Exception has been thrown by the target of an invocation. ---> System.IndexOutOfRangeException: Index was outside the bounds of the array.
   at ConquerServer_v2.Database.Lottery.SelectItem(Int32 BoxID, Int32 Rate) in C:\Users\Matt\Desktop\CO Server 3\ConquerServer_v2\Database\Lottery.cs:line 139
   at ConquerServer_v2.ConquerScriptEngine.GenerateLotteryItem(Int32 BoxColor) in C:\Users\Matt\Desktop\CO Server 3\ConquerServer_v2\ConquerScriptEngine.cs:line 378
   at NpcEngine.LotteryBox()
   at NpcEngine.Execute()
   --- End of inner exception stack trace ---
   at System.RuntimeMethodHandle._InvokeMethodFast(Object target, Object[] arguments, SignatureStruct& sig, MethodAttributes methodAttributes, RuntimeTypeHandle typeOwner)
   at System.RuntimeMethodHandle.InvokeMethodFast(Object target, Object[] arguments, Signature sig, MethodAttributes methodAttributes, RuntimeTypeHandle typeOwner)
   at System.Reflection.RuntimeMethodInfo.Invoke(Object obj, BindingFlags invokeAttr, Binder binder, Object[] parameters, CultureInfo culture, Boolean skipVisibilityChecks)
   at System.Reflection.RuntimeMethodInfo.Invoke(Object obj, BindingFlags invokeAttr, Binder binder, Object[] parameters, CultureInfo culture)
   at System.Reflection.MethodBase.Invoke(Object obj, Object[] parameters)
   at ScriptingEngine.CompiledScript.RunStaticFunction(Type CompiledType, String Method) in C:\Users\Sher\Documents\Visual Studio 2008\Conquer_v5090\ConquerServer_v2\ScriptingEngine\CompiledScript.cs:line 34
   at ConquerServer_v2.ConquerScriptEngine.ProcessNpc(GameClient Client, Byte OptionID, String Input) in C:\Users\Matt\Desktop\CO Server 3\ConquerServer_v2\ConquerScriptEngine.cs:line 209

[Npc Processor Error - 941, 0, ]
System.Reflection.TargetInvocationException: Exception has been thrown by the target of an invocation. ---> System.IndexOutOfRangeException: Index was outside the bounds of the array.
   at ConquerServer_v2.Database.Lottery.SelectItem(Int32 BoxID, Int32 Rate) in C:\Users\Matt\Desktop\CO Server 3\ConquerServer_v2\Database\Lottery.cs:line 139
   at ConquerServer_v2.ConquerScriptEngine.GenerateLotteryItem(Int32 BoxColor) in C:\Users\Matt\Desktop\CO Server 3\ConquerServer_v2\ConquerScriptEngine.cs:line 378
   at NpcEngine.LotteryBox()
   at NpcEngine.Execute()
   --- End of inner exception stack trace ---
   at System.RuntimeMethodHandle._InvokeMethodFast(Object target, Object[] arguments, SignatureStruct& sig, MethodAttributes methodAttributes, RuntimeTypeHandle typeOwner)
   at System.RuntimeMethodHandle.InvokeMethodFast(Object target, Object[] arguments, Signature sig, MethodAttributes methodAttributes, RuntimeTypeHandle typeOwner)
   at System.Reflection.RuntimeMethodInfo.Invoke(Object obj, BindingFlags invokeAttr, Binder binder, Object[] parameters, CultureInfo culture, Boolean skipVisibilityChecks)
   at System.Reflection.RuntimeMethodInfo.Invoke(Object obj, BindingFlags invokeAttr, Binder binder, Object[] parameters, CultureInfo culture)
   at System.Reflection.MethodBase.Invoke(Object obj, Object[] parameters)
   at ScriptingEngine.CompiledScript.RunStaticFunction(Type CompiledType, String Method) in C:\Users\Sher\Documents\Visual Studio 2008\Conquer_v5090\ConquerServer_v2\ScriptingEngine\CompiledScript.cs:line 34
   at ConquerServer_v2.ConquerScriptEngine.ProcessNpc(GameClient Client, Byte OptionID, String Input) in C:\Users\Matt\Desktop\CO Server 3\ConquerServer_v2\ConquerScriptEngine.cs:line 209

[Npc Processor Error - 941, 0, ]
System.Reflection.TargetInvocationException: Exception has been thrown by the target of an invocation. ---> System.IndexOutOfRangeException: Index was outside the bounds of the array.
   at ConquerServer_v2.Database.Lottery.SelectItem(Int32 BoxID, Int32 Rate) in C:\Users\Matt\Desktop\CO Server 3\ConquerServer_v2\Database\Lottery.cs:line 139
   at ConquerServer_v2.ConquerScriptEngine.GenerateLotteryItem(Int32 BoxColor) in C:\Users\Matt\Desktop\CO Server 3\ConquerServer_v2\ConquerScriptEngine.cs:line 378
   at NpcEngine.LotteryBox()
   at NpcEngine.Execute()
   --- End of inner exception stack trace ---
   at System.RuntimeMethodHandle._InvokeMethodFast(Object target, Object[] arguments, SignatureStruct& sig, MethodAttributes methodAttributes, RuntimeTypeHandle typeOwner)
   at System.RuntimeMethodHandle.InvokeMethodFast(Object target, Object[] arguments, Signature sig, MethodAttributes methodAttributes, RuntimeTypeHandle typeOwner)
   at System.Reflection.RuntimeMethodInfo.Invoke(Object obj, BindingFlags invokeAttr, Binder binder, Object[] parameters, CultureInfo culture, Boolean skipVisibilityChecks)
   at System.Reflection.RuntimeMethodInfo.Invoke(Object obj, BindingFlags invokeAttr, Binder binder, Object[] parameters, CultureInfo culture)
   at System.Reflection.MethodBase.Invoke(Object obj, Object[] parameters)
   at ScriptingEngine.CompiledScript.RunStaticFunction(Type CompiledType, String Method) in C:\Users\Sher\Documents\Visual Studio 2008\Conquer_v5090\ConquerServer_v2\ScriptingEngine\CompiledScript.cs:line 34
   at ConquerServer_v2.ConquerScriptEngine.ProcessNpc(GameClient Client, Byte OptionID, String Input) in C:\Users\Matt\Desktop\CO Server 3\ConquerServer_v2\ConquerScriptEngine.cs:line 209

