[Npc Processor Error - 10001, 0, ]
System.Reflection.TargetInvocationException: Exception has been thrown by the target of an invocation. ---> System.IndexOutOfRangeException: Index was outside the bounds of the array.
   at NpcEngine.WarriorGod()
   at NpcEngine.JobCenter()
   at NpcEngine.Execute()
   --- End of inner exception stack trace ---
   at System.RuntimeMethodHandle._InvokeMethodFast(Object target, Object[] arguments, SignatureStruct& sig, MethodAttributes methodAttributes, RuntimeTypeHandle typeOwner)
   at System.RuntimeMethodHandle.InvokeMethodFast(Object target, Object[] arguments, Signature sig, MethodAttributes methodAttributes, RuntimeTypeHandle typeOwner)
   at System.Reflection.RuntimeMethodInfo.Invoke(Object obj, BindingFlags invokeAttr, Binder binder, Object[] parameters, CultureInfo culture, Boolean skipVisibilityChecks)
   at System.Reflection.RuntimeMethodInfo.Invoke(Object obj, BindingFlags invokeAttr, Binder binder, Object[] parameters, CultureInfo culture)
   at ScriptingEngine.CompiledScript.RunStaticFunction(Type CompiledType, String Method) in C:\Users\Sher\Documents\Visual Studio 2008\Conquer_v5090\ConquerServer_v2\ScriptingEngine\CompiledScript.cs:line 70
   at ConquerServer_v2.ConquerScriptEngine.ProcessNpc(GameClient Client, Byte OptionID, String Input) in C:\Users\Sher\Documents\Visual Studio 2008\Conquer_v5090\ConquerServer_v2\ConquerServer_v2\ConquerScriptEngine.cs:line 208

[Npc Processor Error - 20005, 1, ]
System.Reflection.TargetInvocationException: Exception has been thrown by the target of an invocation. ---> System.IndexOutOfRangeException: Index was outside the bounds of the array.
   at NpcEngine._20005_HasItems(String[]& dlg)
   at NpcEngine.Celestine()
   at NpcEngine.Execute()
   --- End of inner exception stack trace ---
   at System.RuntimeMethodHandle._InvokeMethodFast(Object target, Object[] arguments, SignatureStruct& sig, MethodAttributes methodAttributes, RuntimeTypeHandle typeOwner)
   at System.RuntimeMethodHandle.InvokeMethodFast(Object target, Object[] arguments, Signature sig, MethodAttributes methodAttributes, RuntimeTypeHandle typeOwner)
   at System.Reflection.RuntimeMethodInfo.Invoke(Object obj, BindingFlags invokeAttr, Binder binder, Object[] parameters, CultureInfo culture, Boolean skipVisibilityChecks)
   at System.Reflection.RuntimeMethodInfo.Invoke(Object obj, BindingFlags invokeAttr, Binder binder, Object[] parameters, CultureInfo culture)
   at ScriptingEngine.CompiledScript.RunStaticFunction(Type CompiledType, String Method) in C:\Users\Sher\Documents\Visual Studio 2008\Conquer_v5090\ConquerServer_v2\ScriptingEngine\CompiledScript.cs:line 70
   at ConquerServer_v2.ConquerScriptEngine.ProcessNpc(GameClient Client, Byte OptionID, String Input) in C:\Users\Sher\Documents\Visual Studio 2008\Conquer_v5090\ConquerServer_v2\ConquerServer_v2\ConquerScriptEngine.cs:line 208

[Npc Processor Error - 300500, 1, ]
System.Reflection.TargetInvocationException: Exception has been thrown by the target of an invocation. ---> System.IndexOutOfRangeException: Index was outside the bounds of the array.
   at NpcEngine.Eternity()
   at NpcEngine.Execute()
   --- End of inner exception stack trace ---
   at System.RuntimeMethodHandle._InvokeMethodFast(Object target, Object[] arguments, SignatureStruct& sig, MethodAttributes methodAttributes, RuntimeTypeHandle typeOwner)
   at System.RuntimeMethodHandle.InvokeMethodFast(Object target, Object[] arguments, Signature sig, MethodAttributes methodAttributes, RuntimeTypeHandle typeOwner)
   at System.Reflection.RuntimeMethodInfo.Invoke(Object obj, BindingFlags invokeAttr, Binder binder, Object[] parameters, CultureInfo culture, Boolean skipVisibilityChecks)
   at System.Reflection.RuntimeMethodInfo.Invoke(Object obj, BindingFlags invokeAttr, Binder binder, Object[] parameters, CultureInfo culture)
   at ScriptingEngine.CompiledScript.RunStaticFunction(Type CompiledType, String Method) in C:\Users\Sher\Documents\Visual Studio 2008\Conquer_v5090\ConquerServer_v2\ScriptingEngine\CompiledScript.cs:line 70
   at ConquerServer_v2.ConquerScriptEngine.ProcessNpc(GameClient Client, Byte OptionID, String Input) in C:\Users\Sher\Documents\Visual Studio 2008\Conquer_v5090\ConquerServer_v2\ConquerServer_v2\ConquerScriptEngine.cs:line 208

[Npc Processor Error - 300500, 12, ]
System.Reflection.TargetInvocationException: Exception has been thrown by the target of an invocation. ---> System.NullReferenceException: Object reference not set to an instance of an object.
   at ConquerServer_v2.ConquerScriptEngine.Dialog(INpcPlayer Player, String[] Dlg) in C:\Users\Sher\Documents\Visual Studio 2008\Conquer_v5090\ConquerServer_v2\ConquerServer_v2\ConquerScriptEngine.cs:line 261
   at Engine.Dialog(String[] Dlg)
   at NpcEngine.Eternity()
   at NpcEngine.Execute()
   --- End of inner exception stack trace ---
   at System.RuntimeMethodHandle._InvokeMethodFast(Object target, Object[] arguments, SignatureStruct& sig, MethodAttributes methodAttributes, RuntimeTypeHandle typeOwner)
   at System.RuntimeMethodHandle.InvokeMethodFast(Object target, Object[] arguments, Signature sig, MethodAttributes methodAttributes, RuntimeTypeHandle typeOwner)
   at System.Reflection.RuntimeMethodInfo.Invoke(Object obj, BindingFlags invokeAttr, Binder binder, Object[] parameters, CultureInfo culture, Boolean skipVisibilityChecks)
   at System.Reflection.RuntimeMethodInfo.Invoke(Object obj, BindingFlags invokeAttr, Binder binder, Object[] parameters, CultureInfo culture)
   at ScriptingEngine.CompiledScript.RunStaticFunction(Type CompiledType, String Method) in C:\Users\Sher\Documents\Visual Studio 2008\Conquer_v5090\ConquerServer_v2\ScriptingEngine\CompiledScript.cs:line 70
   at ConquerServer_v2.ConquerScriptEngine.ProcessNpc(GameClient Client, Byte OptionID, String Input) in C:\Users\Sher\Documents\Visual Studio 2008\Conquer_v5090\ConquerServer_v2\ConquerServer_v2\ConquerScriptEngine.cs:line 208

[Npc Processor Error - 300500, 12, ]
System.Reflection.TargetInvocationException: Exception has been thrown by the target of an invocation. ---> System.NullReferenceException: Object reference not set to an instance of an object.
   at ConquerServer_v2.ConquerScriptEngine.Dialog(INpcPlayer Player, String[] Dlg) in C:\Users\Sher\Documents\Visual Studio 2008\Conquer_v5090\ConquerServer_v2\ConquerServer_v2\ConquerScriptEngine.cs:line 261
   at Engine.Dialog(String[] Dlg)
   at NpcEngine.Eternity()
   at NpcEngine.Execute()
   --- End of inner exception stack trace ---
   at System.RuntimeMethodHandle._InvokeMethodFast(Object target, Object[] arguments, SignatureStruct& sig, MethodAttributes methodAttributes, RuntimeTypeHandle typeOwner)
   at System.RuntimeMethodHandle.InvokeMethodFast(Object target, Object[] arguments, Signature sig, MethodAttributes methodAttributes, RuntimeTypeHandle typeOwner)
   at System.Reflection.RuntimeMethodInfo.Invoke(Object obj, BindingFlags invokeAttr, Binder binder, Object[] parameters, CultureInfo culture, Boolean skipVisibilityChecks)
   at System.Reflection.RuntimeMethodInfo.Invoke(Object obj, BindingFlags invokeAttr, Binder binder, Object[] parameters, CultureInfo culture)
   at ScriptingEngine.CompiledScript.RunStaticFunction(Type CompiledType, String Method) in C:\Users\Sher\Documents\Visual Studio 2008\Conquer_v5090\ConquerServer_v2\ScriptingEngine\CompiledScript.cs:line 70
   at ConquerServer_v2.ConquerScriptEngine.ProcessNpc(GameClient Client, Byte OptionID, String Input) in C:\Users\Sher\Documents\Visual Studio 2008\Conquer_v5090\ConquerServer_v2\ConquerServer_v2\ConquerScriptEngine.cs:line 208

[Npc Processor Error - 300500, 12, ]
System.Reflection.TargetInvocationException: Exception has been thrown by the target of an invocation. ---> System.ArgumentException: Failed to parse npc dialog statement `Now, you may select a super gem of your choice as a reward.`
   at ConquerServer_v2.ConquerScriptEngine.Dialog(INpcPlayer Player, String[] Dlg) in C:\Users\Sher\Documents\Visual Studio 2008\Conquer_v5090\ConquerServer_v2\ConquerServer_v2\ConquerScriptEngine.cs:line 312
   at Engine.Dialog(String[] Dlg)
   at NpcEngine.Eternity()
   at NpcEngine.Execute()
   --- End of inner exception stack trace ---
   at System.RuntimeMethodHandle._InvokeMethodFast(Object target, Object[] arguments, SignatureStruct& sig, MethodAttributes methodAttributes, RuntimeTypeHandle typeOwner)
   at System.RuntimeMethodHandle.InvokeMethodFast(Object target, Object[] arguments, Signature sig, MethodAttributes methodAttributes, RuntimeTypeHandle typeOwner)
   at System.Reflection.RuntimeMethodInfo.Invoke(Object obj, BindingFlags invokeAttr, Binder binder, Object[] parameters, CultureInfo culture, Boolean skipVisibilityChecks)
   at System.Reflection.RuntimeMethodInfo.Invoke(Object obj, BindingFlags invokeAttr, Binder binder, Object[] parameters, CultureInfo culture)
   at ScriptingEngine.CompiledScript.RunStaticFunction(Type CompiledType, String Method) in C:\Users\Sher\Documents\Visual Studio 2008\Conquer_v5090\ConquerServer_v2\ScriptingEngine\CompiledScript.cs:line 70
   at ConquerServer_v2.ConquerScriptEngine.ProcessNpc(GameClient Client, Byte OptionID, String Input) in C:\Users\Sher\Documents\Visual Studio 2008\Conquer_v5090\ConquerServer_v2\ConquerServer_v2\ConquerScriptEngine.cs:line 208

